<?xml version="1.0" encoding="UTF-8"?>
<!-- Generated by org.testng.reporters.JUnitReportReporter -->
<testsuite skipped="0" hostname="Mosuds-MBP.fios-router.home" name="datadriven.arraylist.testng.MainTest" tests="1" failures="0" timestamp="03 Apr 2019 17:07:50 GMT" time="0.531" errors="0">
  <testcase name="test1" time="0.531" classname="datadriven.arraylist.testng.MainTest"/>
</testsuite> <!-- datadriven.arraylist.testng.MainTest -->
